c:\users\sussa\onedrive - kent state university\desktop\adv computer graphics - project docs\ray_tracer_kent\raytracer_framework\raytracer\debug\vc143.pdb
c:\users\sussa\onedrive - kent state university\desktop\adv computer graphics - project docs\ray_tracer_kent\raytracer_framework\raytracer\debug\vc143.idb
c:\users\sussa\onedrive - kent state university\desktop\adv computer graphics - project docs\ray_tracer_kent\raytracer_framework\raytracer\debug\application.obj
c:\users\sussa\onedrive - kent state university\desktop\adv computer graphics - project docs\ray_tracer_kent\raytracer_framework\raytracer\debug\math3d.obj
c:\users\sussa\onedrive - kent state university\desktop\adv computer graphics - project docs\ray_tracer_kent\raytracer_framework\raytracer\debug\imageio.obj
c:\users\sussa\onedrive - kent state university\desktop\adv computer graphics - project docs\ray_tracer_kent\raytracer_framework\raytracer\debug\main.obj
c:\users\sussa\onedrive - kent state university\desktop\adv computer graphics - project docs\ray_tracer_kent\raytracer_framework\raytracer\debug\sphere.obj
c:\users\sussa\onedrive - kent state university\desktop\adv computer graphics - project docs\ray_tracer_kent\raytracer_framework\raytracer\debug\triangle.obj
c:\users\sussa\onedrive - kent state university\desktop\adv computer graphics - project docs\ray_tracer_kent\raytracer_framework\raytracer\debug\wall.obj
c:\users\sussa\onedrive - kent state university\desktop\adv computer graphics - project docs\ray_tracer_kent\raytracer_framework\raytracer\debug\ray_tracer.obj
c:\users\sussa\onedrive - kent state university\desktop\adv computer graphics - project docs\ray_tracer_kent\raytracer_framework\raytracer\debug\light.obj
c:\users\sussa\onedrive - kent state university\desktop\adv computer graphics - project docs\ray_tracer_kent\raytracer_framework\raytracer\debug\scene.obj
c:\users\sussa\onedrive - kent state university\desktop\adv computer graphics - project docs\ray_tracer_kent\raytracer_framework\raytracer\debug\view_plane.obj
c:\users\sussa\onedrive - kent state university\desktop\adv computer graphics - project docs\ray_tracer_kent\raytracer_framework\raytracer\debug\raytracer.ilk
c:\users\sussa\onedrive - kent state university\desktop\adv computer graphics - project docs\ray_tracer_kent\raytracer_framework\debug\raytracer.pdb
c:\users\sussa\onedrive - kent state university\desktop\adv computer graphics - project docs\ray_tracer_kent\raytracer_framework\debug\raytracer.exe
c:\users\sussa\onedrive - kent state university\desktop\adv computer graphics - project docs\ray_tracer_kent\raytracer_framework\raytracer\debug\raytracer.tlog\cl.command.1.tlog
c:\users\sussa\onedrive - kent state university\desktop\adv computer graphics - project docs\ray_tracer_kent\raytracer_framework\raytracer\debug\raytracer.tlog\cl.items.tlog
c:\users\sussa\onedrive - kent state university\desktop\adv computer graphics - project docs\ray_tracer_kent\raytracer_framework\raytracer\debug\raytracer.tlog\cl.read.1.tlog
c:\users\sussa\onedrive - kent state university\desktop\adv computer graphics - project docs\ray_tracer_kent\raytracer_framework\raytracer\debug\raytracer.tlog\cl.write.1.tlog
c:\users\sussa\onedrive - kent state university\desktop\adv computer graphics - project docs\ray_tracer_kent\raytracer_framework\raytracer\debug\raytracer.tlog\link.command.1.tlog
c:\users\sussa\onedrive - kent state university\desktop\adv computer graphics - project docs\ray_tracer_kent\raytracer_framework\raytracer\debug\raytracer.tlog\link.read.1.tlog
c:\users\sussa\onedrive - kent state university\desktop\adv computer graphics - project docs\ray_tracer_kent\raytracer_framework\raytracer\debug\raytracer.tlog\link.secondary.1.tlog
c:\users\sussa\onedrive - kent state university\desktop\adv computer graphics - project docs\ray_tracer_kent\raytracer_framework\raytracer\debug\raytracer.tlog\link.write.1.tlog
